Created by PLY version 3.4 (http://www.dabeaz.com/ply)

Grammar

Rule 0     S' -> factor
Rule 1     factor -> NUMBER

Terminals, with rules where they appear

NUMBER               : 1
error                : 

Nonterminals, with rules where they appear

factor               : 0

Parsing method: LALR

state 0

    (0) S' -> . factor
    (1) factor -> . NUMBER

    NUMBER          shift and go to state 1

    factor                         shift and go to state 2

state 1

    (1) factor -> NUMBER .

    $end            reduce using rule 1 (factor -> NUMBER .)


state 2

    (0) S' -> factor .


